IQ-TREE multicore version 1.6.12 for Mac OS X 64-bit built Aug 15 2019
Developed by Bui Quang Minh, Nguyen Lam Tung, Olga Chernomor,
Heiko Schmidt, Dominik Schrempf, Michael Woodhams.

Host:    Patricias-Air.lan (AVX2, FMA3, 8 GB RAM)
Command: bin/iqtree -s ../../Desktop/botany563-final/data/2023-03-23-protein-NHA-orthologs.aln
Seed:    219240 (Using SPRNG - Scalable Parallel Random Number Generator)
Time:    Thu Mar 23 20:12:21 2023
Kernel:  AVX+FMA - 1 threads (4 CPU cores detected)

HINT: Use -nt option to specify number of threads because your CPU has 4 cores!
HINT: -nt AUTO will automatically determine the best number of threads to use.

Reading alignment file ../../Desktop/botany563-final/data/2023-03-23-protein-NHA-orthologs.aln ... Clustal format detected
Alignment most likely contains protein sequences
Alignment has 57 sequences with 2569 columns, 1672 distinct patterns
825 parsimony-informative, 534 singleton sites, 1210 constant sites
WARNING: Some sequence names are changed as follows:
NHA1_prot_size=637_strand=+ -> NHA1_prot_size_637_strand__
NHA2_prot_size=656_strand=+ -> NHA2_prot_size_656_strand__
NHA3_prot_size=1204_strand=+ -> NHA3_prot_size_1204_strand__
NHA4_prot_size=786_strand=+ -> NHA4_prot_size_786_strand__
NHA5_prot_size=754_strand=+ -> NHA5_prot_size_754_strand__
NHA6_prot_size=708_strand=+ -> NHA6_prot_size_708_strand__
NHA7_prot_size=589_strand=- -> NHA7_prot_size_589_strand_-
NHA8_prot_size=329_strand=+ -> NHA8_prot_size_329_strand__

                              Gap/Ambiguity  Composition  p-value
   1  DmelNHA2                       72.21%    failed      0.01%
   2  N.striatum-KAG1663790.1        79.02%    passed     50.20%
   3  N.striatum-KAG1694105.1        61.46%    passed      7.66%
   4  O.gibbosus-KAG8183784.1        78.32%    passed     35.67%
   5  N.striatum-KAG1663789.1        78.36%    passed     42.92%
   6  N.striatum-KAG1694104.1        61.19%    passed      6.55%
   7  N.striatum-KAG1694103.1        60.80%    passed      5.59%
   8  P.vannamei-ROT75079.1          81.04%    failed      0.97%
   9  N.striatum-KAG1663791.1        78.32%    passed     22.70%
  10  T.californicus-TRY75264.1      78.40%    failed      0.01%
  11  A.amphitrite-KAF0289584.1      77.42%    failed      0.00%
  12  D.citri-KAI5736882.1           78.51%    passed     39.38%
  13  D.citri-KAI5704272.1           78.51%    passed     42.58%
  14  D.citri-KAI5704273.1           79.80%    passed     52.98%
  15  D.citri-KAI5742064.1           79.41%    passed      7.89%
  16  D.kikuchii-KAJ0181768.1        69.75%    passed     20.64%
  17  S.littoralis-CAB3515165.1      68.59%    failed      3.89%
  18  S.exigua-CAH0700695.1          69.91%    passed      7.59%
  19  S.exigua-KAF9414715.1          77.97%    passed     37.21%
  20  A.plantaginis-CAB3231150.1     70.03%    passed     23.01%
  21  B.ino-CAH0726637.1             74.93%    passed     73.01%
  22  A.plantaginis-CAB3231151.1     75.20%    passed     81.43%
  23  H.armigera-PZC78836.1          70.07%    failed      0.63%
  24  I.podalirius-CAH2066547.1      68.70%    failed      2.89%
  25  I.podalirius-CAH2066549.1      72.52%    passed     45.73%
  26  I.podalirius-CAH2066551.1      75.48%    passed     34.16%
  27  C.capitata-CAD6994394.1        78.24%    passed      6.20%
  28  L.cuprina-KAI8130912.1         68.90%    failed      0.00%
  29  G.fuscipes-KAI9577037.1        78.28%    passed      9.84%
  30  A.compressa-KAG7188111.1       72.09%    failed      0.00%
  31  L.yunnana-KAF5289025.1         75.48%    passed     88.64%
  32  T.longispinosus-TGZ49087.1     76.02%    passed     89.38%
  33  E.burchellii-KAH0956584.1      75.87%    passed     78.16%
  34  C.glomerata-KAH0554196.1       76.14%    passed     63.03%
  35  O.biroi-EZA57806.1             75.83%    passed     85.67%
  36  A.compressa-KAG7201324.1       75.87%    passed     50.30%
  37  C.congregata-CAG5095999.1      75.94%    passed     68.07%
  38  A.echinatior-EGI63990.1        75.87%    passed     75.99%
  39  P.vanderplanki-KAG5673013.1    79.60%    passed     12.23%
  40  P.vanderplanki-KAG5673012.1    79.84%    passed     13.97%
  41  E.danica-KAF4525946.1          80.65%    failed      0.00%
  42  C.dipterum-CAB3359964.1        82.72%    failed      0.01%
  43  D.citri-KAI5704627.1           79.76%    passed      6.05%
  44  M.usitatus-KAJ1530432.1        78.90%    failed      3.63%
  45  N.viridula-CAH1388393.1        78.40%    failed      2.89%
  46  A.lucorum-KAF6215493.1         70.46%    failed      0.89%
  47  V.vulgaris-KAF7383363.1        74.58%    passed     57.43%
  48  N.striatum-KAG1694102.1        60.76%    failed      0.41%
  49  C.dipterum-CAB3360254.1        76.88%    passed     69.76%
  50  NHA1_prot_size_637_strand__    75.17%    passed     36.70%
  51  NHA2_prot_size_656_strand__    74.43%    failed      4.88%
  52  NHA3_prot_size_1204_strand__   53.09%    failed      0.00%
  53  NHA4_prot_size_786_strand__    69.37%    passed     12.32%
  54  NHA5_prot_size_754_strand__    70.65%    passed     19.88%
  55  NHA6_prot_size_708_strand__    72.40%    passed     10.61%
  56  NHA7_prot_size_589_strand_-    77.07%    passed      5.30%
  57  NHA8_prot_size_329_strand__    87.15%    failed      0.04%
WARNING: 57 sequences contain more than 50% gaps/ambiguity
****  TOTAL                          74.43%  18 sequences failed composition chi2 test (p-value<5%; df=19)

NOTE: Restoring information from model checkpoint file ../../Desktop/botany563-final/data/2023-03-23-protein-NHA-orthologs.aln.model.gz

CHECKPOINT: Initial tree restored
NOTE: ModelFinder requires 149 MB RAM!
ModelFinder will test 546 protein models (sample size: 2569) ...
 No. Model         -LnL         df  AIC          AICc         BIC
  1  Dayhoff       43512.719    111 87247.437    87257.557    87896.928
  2  Dayhoff+I     43463.207    112 87150.413    87160.719    87805.755
  3  Dayhoff+G4    42105.105    112 84434.210    84444.516    85089.552
  4  Dayhoff+I+G4  42105.352    113 84436.703    84447.198    85097.897
  5  Dayhoff+R2    42404.958    113 85035.915    85046.410    85697.109
  6  Dayhoff+R3    42146.483    115 84522.965    84533.842    85195.861
  7  Dayhoff+R4    42089.610    117 84413.221    84424.486    85097.819
  8  Dayhoff+R5    42059.738    119 84357.475    84369.137    85053.777
  9  Dayhoff+R6    42039.968    121 84321.937    84334.002    85029.940
 10  Dayhoff+R7    42026.425    123 84298.850    84311.326    85018.556
 11  Dayhoff+R8    42016.588    125 84283.175    84296.069    85014.584
 12  Dayhoff+R9    42009.767    127 84273.533    84286.852    85016.645
 14  Dayhoff+F     43443.696    130 87147.393    87161.363    87908.058
 15  Dayhoff+F+I   43402.271    131 87066.543    87080.734    87833.060
 16  Dayhoff+F+G4  41975.109    131 84212.219    84226.410    84978.735
 17  Dayhoff+F+I+G4 41975.237    132 84214.474    84228.888    84986.842
 18  Dayhoff+F+R2  42270.280    132 84804.559    84818.973    85576.927
 19  Dayhoff+F+R3  42015.233    134 84298.466    84313.331    85082.537
 20  Dayhoff+F+R4  41961.810    136 84195.620    84210.943    84991.393
 21  Dayhoff+F+R5  41931.857    138 84139.715    84155.502    84947.190
 22  Dayhoff+F+R6  41911.716    140 84103.432    84119.692    84922.610
 23  Dayhoff+F+R7  41897.455    142 84078.909    84095.650    84909.790
 24  Dayhoff+F+R8  41887.283    144 84062.566    84079.794    84905.150
 25  Dayhoff+F+R9  41880.359    146 84052.719    84070.441    84907.005
 27  mtMAM         47324.813    111 94871.627    94881.746    95521.118
 28  mtMAM+I       47321.307    112 94866.614    94876.920    95521.956
 29  mtMAM+G4      44274.322    112 88772.645    88782.951    89427.987
 30  mtMAM+I+G4    44274.304    113 88774.608    88785.103    89435.802
 31  mtMAM+R2      45038.852    113 90303.703    90314.198    90964.897
 32  mtMAM+R3      44518.314    115 89266.627    89277.504    89939.523
 33  mtMAM+R4      44345.530    117 88925.061    88936.326    89609.659
 34  mtMAM+R5      44262.346    119 88762.693    88774.354    89458.994
 35  mtMAM+R6      44218.434    121 88678.868    88690.933    89386.872
 36  mtMAM+R7      44194.325    123 88634.650    88647.126    89354.357
 37  mtMAM+R8      44179.893    125 88609.786    88622.680    89341.195
 38  mtMAM+R9      44167.176    127 88588.351    88601.670    89331.463
 39  mtMAM+R10     44145.991    129 88549.981    88563.733    89304.795
 40  mtMAM+F       45440.542    130 91141.084    91155.054    91901.749
 41  mtMAM+F+I     45434.356    131 91130.712    91144.903    91897.228
 42  mtMAM+F+G4    42883.583    131 86029.166    86043.357    86795.682
 43  mtMAM+F+I+G4  42883.527    132 86031.054    86045.468    86803.422
 44  mtMAM+F+R2    43548.764    132 87361.528    87375.942    88133.896
 45  mtMAM+F+R3    43113.480    134 86494.961    86509.825    87279.031
 46  mtMAM+F+R4    42972.036    136 86216.071    86231.394    87011.844
 47  mtMAM+F+R5    42909.700    138 86095.400    86111.188    86902.876
 48  mtMAM+F+R6    42873.350    140 86026.701    86042.961    86845.879
 49  mtMAM+F+R7    42844.956    142 85973.913    85990.653    86804.793
 50  mtMAM+F+R8    42821.001    144 85930.003    85947.231    86772.586
 51  mtMAM+F+R9    42799.900    146 85891.800    85909.522    86746.086
 52  mtMAM+F+R10   42776.596    148 85849.193    85867.418    86715.181
 53  JTT           43146.593    111 86515.185    86525.305    87164.676
 54  JTT+I         43095.478    112 86414.956    86425.262    87070.298
 55  JTT+G4        41741.707    112 83707.415    83717.721    84362.757
 56  JTT+I+G4      41741.674    113 83709.348    83719.843    84370.542
 57  JTT+R2        42033.606    113 84293.211    84303.706    84954.405
 58  JTT+R3        41783.282    115 83796.564    83807.441    84469.460
 59  JTT+R4        41731.398    117 83696.796    83708.062    84381.395
 60  JTT+R5        41704.503    119 83647.005    83658.667    84343.307
 61  JTT+R6        41692.408    121 83626.815    83638.880    84334.819
 62  JTT+R7        41675.986    123 83597.972    83610.448    84317.679
 63  JTT+R8        41667.067    125 83584.134    83597.028    84315.543
 64  JTT+R9        41661.289    127 83576.579    83589.898    84319.690
 66  JTT+F         43302.280    130 86864.560    86878.530    87625.225
 67  JTT+F+I       43256.929    131 86775.858    86790.049    87542.374
 68  JTT+F+G4      41835.211    131 83932.423    83946.614    84698.939
 69  JTT+F+I+G4    41835.130    132 83934.260    83948.673    84706.628
 70  JTT+F+R2      42122.352    132 84508.704    84523.118    85281.072
 71  JTT+F+R3      41876.169    134 84020.339    84035.203    84804.409
 72  JTT+F+R4      41824.278    136 83920.556    83935.878    84716.329
 73  JTT+F+R5      41797.225    138 83870.450    83886.238    84677.925
 74  JTT+F+R6      41783.805    140 83847.610    83863.870    84666.788
 75  JTT+F+R7      41764.707    142 83813.415    83830.155    84644.295
 76  JTT+F+R8      41755.031    144 83798.063    83815.291    84640.646
 77  JTT+F+R9      41748.560    146 83789.121    83806.843    84643.407
 79  WAG           42857.489    111 85936.979    85947.098    86586.470
 80  WAG+I         42826.282    112 85876.564    85886.870    86531.906
 81  WAG+G4        41653.513    112 83531.026    83541.332    84186.368
 82  WAG+I+G4      41653.524    113 83533.048    83543.543    84194.242
 83  WAG+R2        41911.026    113 84048.053    84058.547    84709.246
 84  WAG+R3        41679.145    115 83588.291    83599.167    84261.187
 85  WAG+R4        41629.795    117 83493.591    83504.856    84178.189
 86  WAG+R5        41608.734    119 83455.468    83467.129    84151.769
 87  WAG+R6        41594.721    121 83431.442    83443.508    84139.446
 88  WAG+R7        41583.792    123 83413.583    83426.059    84133.290
 89  WAG+R8        41577.851    125 83405.702    83418.596    84137.111
 92  WAG+F         42910.538    130 86081.077    86095.047    86841.742
 93  WAG+F+I       42885.492    131 86032.985    86047.176    86799.502
 94  WAG+F+G4      41657.107    131 83576.215    83590.406    84342.732
 95  WAG+F+I+G4    41657.057    132 83578.113    83592.527    84350.481
 96  WAG+F+R2      41909.045    132 84082.091    84096.505    84854.459
 97  WAG+F+R3      41681.392    134 83630.784    83645.649    84414.855
 98  WAG+F+R4      41633.352    136 83538.704    83554.026    84334.477
 99  WAG+F+R5      41613.452    138 83502.904    83518.691    84310.379
100  WAG+F+R6      41599.474    140 83478.949    83495.209    84298.127
101  WAG+F+R7      41586.504    142 83457.007    83473.748    84287.888
102  WAG+F+R8      41579.617    144 83447.235    83464.462    84289.818
105  cpREV         43112.511    111 86447.021    86457.141    87096.512
106  cpREV+I       43091.085    112 86406.170    86416.476    87061.512
107  cpREV+G4      41807.981    112 83839.961    83850.267    84495.303
108  cpREV+I+G4    41807.976    113 83841.953    83852.448    84503.147
109  cpREV+R2      42113.494    113 84452.988    84463.483    85114.182
110  cpREV+R3      41856.540    115 83943.080    83953.957    84615.976
111  cpREV+R4      41797.297    117 83828.594    83839.859    84513.193
112  cpREV+R5      41775.494    119 83788.988    83800.650    84485.289
113  cpREV+R6      41760.780    121 83763.561    83775.626    84471.565
114  cpREV+R7      41746.847    123 83739.695    83752.171    84459.401
115  cpREV+R8      41740.641    125 83731.282    83744.176    84462.691
118  cpREV+F       43094.146    130 86448.292    86462.263    87208.957
119  cpREV+F+I     43072.055    131 86406.110    86420.301    87172.627
120  cpREV+F+G4    41754.768    131 83771.535    83785.726    84538.052
121  cpREV+F+I+G4  41754.722    132 83773.443    83787.857    84545.811
122  cpREV+F+R2    42065.538    132 84395.076    84409.490    85167.444
123  cpREV+F+R3    41803.684    134 83875.368    83890.233    84659.439
124  cpREV+F+R4    41745.134    136 83762.267    83777.590    84558.040
125  cpREV+F+R5    41722.795    138 83721.590    83737.378    84529.066
126  cpREV+F+R6    41707.755    140 83695.510    83711.771    84514.688
127  cpREV+F+R7    41693.911    142 83671.821    83688.562    84502.702
128  cpREV+F+R8    41687.414    144 83662.828    83680.056    84505.411
131  mtREV         45467.178    111 91156.356    91166.475    91805.847
132  mtREV+I       45463.771    112 91151.542    91161.848    91806.885
133  mtREV+G4      43426.886    112 87077.772    87088.078    87733.114
134  mtREV+I+G4    43426.878    113 87079.755    87090.250    87740.949
135  mtREV+R2      43872.810    113 87971.621    87982.115    88632.814
136  mtREV+R3      43547.703    115 87325.405    87336.282    87998.302
137  mtREV+R4      43452.936    117 87139.873    87151.139    87824.472
138  mtREV+R5      43417.473    119 87072.946    87084.607    87769.247
139  mtREV+R6      43392.747    121 87027.495    87039.560    87735.499
140  mtREV+R7      43368.175    123 86982.351    86994.827    87702.057
141  mtREV+R8      43355.142    125 86960.283    86973.177    87691.692
142  mtREV+R9      43340.437    127 86934.873    86948.192    87677.985
143  mtREV+R10     43328.867    129 86915.733    86929.485    87670.547
144  mtREV+F       43897.214    130 88054.429    88068.399    88815.094
145  mtREV+F+I     43890.635    131 88043.270    88057.461    88809.787
146  mtREV+F+G4    42086.094    131 84434.188    84448.379    85200.704
147  mtREV+F+I+G4  42086.074    132 84436.148    84450.562    85208.516
148  mtREV+F+R2    42499.484    132 85262.968    85277.382    86035.336
149  mtREV+F+R3    42202.242    134 84672.485    84687.349    85456.555
150  mtREV+F+R4    42113.727    136 84499.454    84514.776    85295.227
151  mtREV+F+R5    42077.912    138 84431.825    84447.612    85239.300
152  mtREV+F+R6    42056.804    140 84393.608    84409.868    85212.786
153  mtREV+F+R7    42037.185    142 84358.370    84375.111    85189.251
154  mtREV+F+R8    42024.839    144 84337.678    84354.906    85180.261
155  mtREV+F+R9    42014.895    146 84321.789    84339.512    85176.075
156  mtREV+F+R10   42003.273    148 84302.547    84320.772    85168.535
157  rtREV         43244.103    111 86710.206    86720.325    87359.697
158  rtREV+I       43222.217    112 86668.434    86678.740    87323.776
159  rtREV+G4      41865.777    112 83955.555    83965.861    84610.897
160  rtREV+I+G4    41865.783    113 83957.565    83968.060    84618.759
161  rtREV+R2      42183.370    113 84592.739    84603.234    85253.933
162  rtREV+R3      41917.112    115 84064.225    84075.101    84737.121
163  rtREV+R4      41858.551    117 83951.102    83962.368    84635.701
164  rtREV+R5      41837.536    119 83913.071    83924.733    84609.373
165  rtREV+R6      41823.120    121 83888.239    83900.305    84596.243
166  rtREV+R7      41809.257    123 83864.514    83876.990    84584.221
167  rtREV+R8      41802.228    125 83854.457    83867.351    84585.866
170  rtREV+F       43223.371    130 86706.742    86720.712    87467.407
171  rtREV+F+I     43203.955    131 86669.910    86684.101    87436.427
172  rtREV+F+G4    41719.765    131 83701.530    83715.721    84468.046
173  rtREV+F+I+G4  41719.698    132 83703.395    83717.809    84475.763
174  rtREV+F+R2    42045.414    132 84354.828    84369.242    85127.196
175  rtREV+F+R3    41777.575    134 83823.151    83838.015    84607.221
176  rtREV+F+R4    41716.203    136 83704.405    83719.728    84500.178
177  rtREV+F+R5    41694.533    138 83665.067    83680.855    84472.542
178  rtREV+F+R6    41679.207    140 83638.414    83654.674    84457.592
179  rtREV+F+R7    41662.808    142 83609.616    83626.357    84440.497
180  rtREV+F+R8    41653.774    144 83595.549    83612.777    84438.132
181  rtREV+F+R9    41645.460    146 83582.919    83600.642    84437.205
182  rtREV+F+R10   41636.854    148 83569.708    83587.933    84435.696
183  mtART         46627.197    111 93476.394    93486.514    94125.886
184  mtART+I       46613.197    112 93450.394    93460.700    94105.736
185  mtART+G4      43688.183    112 87600.365    87610.671    88255.708
186  mtART+I+G4    43688.186    113 87602.371    87612.866    88263.565
187  mtART+R2      44425.096    113 89076.191    89086.686    89737.385
188  mtART+R3      43945.941    115 88121.883    88132.759    88794.779
189  mtART+R4      43789.516    117 87813.033    87824.298    88497.631
190  mtART+R5      43717.586    119 87673.173    87684.835    88369.474
191  mtART+R6      43668.778    121 87579.555    87591.621    88287.559
192  mtART+R7      43623.229    123 87492.457    87504.933    88212.164
193  mtART+R8      43600.650    125 87451.300    87464.194    88182.709
194  mtART+R9      43582.605    127 87419.210    87432.529    88162.321
195  mtART+R10     43565.790    129 87389.580    87403.332    88144.395
196  mtART+F       45067.433    130 90394.866    90408.837    91155.532
197  mtART+F+I     45048.840    131 90359.681    90373.872    91126.197
198  mtART+F+G4    42399.900    131 85061.799    85075.991    85828.316
199  mtART+F+I+G4  42399.891    132 85063.782    85078.195    85836.150
200  mtART+F+R2    43108.656    132 86481.311    86495.725    87253.679
201  mtART+F+R3    42674.708    134 85617.415    85632.280    86401.486
202  mtART+F+R4    42520.441    136 85312.883    85328.205    86108.656
203  mtART+F+R5    42452.295    138 85180.590    85196.378    85988.066
204  mtART+F+R6    42411.709    140 85103.417    85119.677    85922.595
205  mtART+F+R7    42375.698    142 85035.395    85052.136    85866.276
206  mtART+F+R8    42352.921    144 84993.843    85011.071    85836.426
207  mtART+F+R9    42330.365    146 84952.730    84970.452    85807.016
208  mtART+F+R10   42307.950    148 84911.901    84930.126    85777.889
209  mtZOA         45512.005    111 91246.009    91256.129    91895.501
210  mtZOA+I       45489.272    112 91202.545    91212.851    91857.887
211  mtZOA+G4      42988.789    112 86201.578    86211.885    86856.921
212  mtZOA+I+G4    42988.800    113 86203.600    86214.095    86864.794
213  mtZOA+R2      43566.712    113 87359.425    87369.919    88020.619
214  mtZOA+R3      43177.554    115 86585.108    86595.984    87258.004
215  mtZOA+R4      43054.121    117 86342.241    86353.507    87026.840
216  mtZOA+R5      43002.385    119 86242.769    86254.431    86939.070
217  mtZOA+R6      42971.000    121 86184.000    86196.065    86892.004
218  mtZOA+R7      42940.034    123 86126.069    86138.545    86845.775
219  mtZOA+R8      42923.228    125 86096.456    86109.350    86827.865
220  mtZOA+R9      42910.155    127 86074.311    86087.630    86817.422
221  mtZOA+R10     42899.534    129 86057.068    86070.820    86811.882
222  mtZOA+F       44335.364    130 88930.728    88944.699    89691.394
223  mtZOA+F+I     44306.164    131 88874.329    88888.520    89640.845
224  mtZOA+F+G4    42039.628    131 84341.256    84355.447    85107.773
225  mtZOA+F+I+G4  42039.619    132 84343.238    84357.652    85115.606
226  mtZOA+F+R2    42599.114    132 85462.229    85476.643    86234.597
227  mtZOA+F+R3    42235.753    134 84739.507    84754.371    85523.577
228  mtZOA+F+R4    42112.886    136 84497.771    84513.093    85293.544
229  mtZOA+F+R5    42061.680    138 84399.361    84415.148    85206.836
230  mtZOA+F+R6    42032.130    140 84344.260    84360.520    85163.438
231  mtZOA+F+R7    42004.712    142 84293.425    84310.165    85124.306
232  mtZOA+F+R8    41990.067    144 84268.135    84285.362    85110.718
233  mtZOA+F+R9    41978.023    146 84248.046    84265.769    85102.332
234  mtZOA+F+R10   41966.685    148 84229.371    84247.596    85095.359
235  VT            42721.830    111 85665.661    85675.780    86315.152
236  VT+I          42683.762    112 85591.524    85601.830    86246.866
237  VT+G4         41569.262    112 83362.524    83372.830    84017.866
238  VT+I+G4       41569.278    113 83364.557    83375.051    84025.751
239  VT+R2         41800.308    113 83826.615    83837.110    84487.809
240  VT+R3         41581.180    115 83392.361    83403.237    84065.257
241  VT+R4         41543.149    117 83320.298    83331.564    84004.897
242  VT+R5         41527.507    119 83293.014    83304.676    83989.316
243  VT+R6         41517.387    121 83276.774    83288.840    83984.778
244  VT+R7         41506.284    123 83258.569    83271.045    83978.275
245  VT+R8         41500.651    125 83251.302    83264.196    83982.711
248  VT+F          42869.205    130 85998.409    86012.380    86759.074
249  VT+F+I        42836.111    131 85934.222    85948.413    86700.739
250  VT+F+G4       41682.788    131 83627.577    83641.768    84394.093
251  VT+F+I+G4     41682.714    132 83629.427    83643.841    84401.795
252  VT+F+R2       41905.220    132 84074.439    84088.853    84846.807
253  VT+F+R3       41692.802    134 83653.604    83668.468    84437.674
254  VT+F+R4       41655.807    136 83583.613    83598.936    84379.386
255  VT+F+R5       41641.827    138 83559.654    83575.442    84367.130
256  VT+F+R6       41631.553    140 83543.106    83559.366    84362.284
257  VT+F+R7       41617.986    142 83519.972    83536.712    84350.852
258  VT+F+R8       41610.872    144 83509.744    83526.972    84352.328
261  LG            42994.089    111 86210.177    86220.297    86859.668
262  LG+I          42962.850    112 86149.700    86160.006    86805.042
263  LG+G4         41516.630    112 83257.260    83267.566    83912.602
264  LG+I+G4       41516.637    113 83259.274    83269.769    83920.468
265  LG+R2         41865.328    113 83956.656    83967.150    84617.849
266  LG+R3         41589.216    115 83408.432    83419.309    84081.328
267  LG+R4         41528.721    117 83291.442    83302.708    83976.041
268  LG+R5         41505.800    119 83249.600    83261.262    83945.901
269  LG+R6         41490.396    121 83222.793    83234.858    83930.797
270  LG+R7         41470.112    123 83186.225    83198.701    83905.931
271  LG+R8         41459.269    125 83168.539    83181.433    83899.948
272  LG+R9         41451.400    127 83156.801    83170.120    83899.912
273  LG+R10        41443.522    129 83145.045    83158.796    83899.859
274  LG+F          43195.078    130 86650.156    86664.126    87410.821
275  LG+F+I        43168.044    131 86598.088    86612.279    87364.605
276  LG+F+G4       41619.782    131 83501.564    83515.755    84268.081
277  LG+F+I+G4     41619.763    132 83503.526    83517.940    84275.894
278  LG+F+R2       41963.845    132 84191.690    84206.103    84964.058
279  LG+F+R3       41692.583    134 83653.166    83668.030    84437.236
280  LG+F+R4       41632.415    136 83536.831    83552.153    84332.604
281  LG+F+R5       41609.885    138 83495.770    83511.557    84303.245
282  LG+F+R6       41594.517    140 83469.034    83485.294    84288.212
283  LG+F+R7       41572.327    142 83428.655    83445.395    84259.535
284  LG+F+R8       41558.834    144 83405.669    83422.897    84248.252
285  LG+F+R9       41544.000    146 83379.999    83397.722    84234.285
286  LG+F+R10      41535.516    148 83367.032    83385.257    84233.020
287  DCMut         43508.557    111 87239.115    87249.235    87888.606
288  DCMut+I       43458.976    112 87141.952    87152.258    87797.295
289  DCMut+G4      42104.827    112 84433.653    84443.960    85088.996
290  DCMut+I+G4    42104.753    113 84435.506    84446.001    85096.700
291  DCMut+R2      42394.009    113 85014.017    85024.512    85675.211
292  DCMut+R3      42147.539    115 84525.079    84535.955    85197.975
293  DCMut+R4      42096.467    117 84426.933    84438.199    85111.532
294  DCMut+R5      42075.085    119 84388.169    84399.831    85084.471
295  DCMut+R6      42060.406    121 84362.812    84374.878    85070.816
296  DCMut+R7      42042.010    123 84330.020    84342.496    85049.727
297  DCMut+R8      42031.768    125 84313.536    84326.430    85044.945
298  DCMut+R9      42016.515    127 84287.030    84300.349    85030.142
299  DCMut+R10     42006.289    129 84270.579    84284.330    85025.393
300  DCMut+F       43439.731    130 87139.461    87153.432    87900.127
301  DCMut+F+I     43398.253    131 87058.506    87072.698    87825.023
302  DCMut+F+G4    41974.842    131 84211.684    84225.875    84978.201
303  DCMut+F+I+G4  41974.769    132 84213.539    84227.952    84985.907
304  DCMut+F+R2    42264.153    132 84792.307    84806.720    85564.674
305  DCMut+F+R3    42016.934    134 84301.868    84316.733    85085.939
306  DCMut+F+R4    41966.614    136 84205.227    84220.550    85001.000
307  DCMut+F+R5    41947.445    138 84170.890    84186.678    84978.365
308  DCMut+F+R6    41933.679    140 84147.359    84163.619    84966.537
309  DCMut+F+R7    41914.157    142 84112.313    84129.054    84943.194
310  DCMut+F+R8    41902.267    144 84092.534    84109.762    84935.117
311  DCMut+F+R9    41885.474    146 84062.948    84080.671    84917.234
312  DCMut+F+R10   41876.384    148 84048.768    84066.993    84914.756
313  PMB           42885.261    111 85992.521    86002.641    86642.012
314  PMB+I         42856.333    112 85936.666    85946.972    86592.009
315  PMB+G4        41758.648    112 83741.296    83751.602    84396.638
316  PMB+I+G4      41758.683    113 83743.366    83753.861    84404.560
317  PMB+R2        41979.462    113 84184.924    84195.418    84846.118
318  PMB+R3        41768.938    115 83767.876    83778.753    84440.773
319  PMB+R4        41731.550    117 83697.100    83708.366    84381.699
320  PMB+R5        41717.646    119 83673.291    83684.953    84369.593
321  PMB+R6        41708.701    121 83659.402    83671.468    84367.406
322  PMB+R7        41697.161    123 83640.322    83652.798    84360.028
323  PMB+R8        41690.662    125 83631.323    83644.217    84362.732
326  PMB+F         43017.875    130 86295.750    86309.720    87056.415
327  PMB+F+I       42990.356    131 86242.713    86256.904    87009.230
328  PMB+F+G4      41833.859    131 83929.719    83943.910    84696.236
329  PMB+F+I+G4    41833.805    132 83931.610    83946.024    84703.978
330  PMB+F+R2      42059.889    132 84383.779    84398.193    85156.147
331  PMB+F+R3      41847.096    134 83962.193    83977.057    84746.263
332  PMB+F+R4      41808.720    136 83889.441    83904.763    84685.214
333  PMB+F+R5      41794.901    138 83865.802    83881.589    84673.277
334  PMB+F+R6      41785.925    140 83851.849    83868.109    84671.027
335  PMB+F+R7      41772.831    142 83829.663    83846.403    84660.543
336  PMB+F+R8      41764.830    144 83817.660    83834.888    84660.244
337  PMB+F+R9      41754.838    146 83801.675    83819.398    84655.961
338  PMB+F+R10     41749.107    148 83794.214    83812.439    84660.202
339  HIVb          44327.367    111 88876.733    88886.853    89526.224
340  HIVb+I        44263.539    112 88751.079    88761.385    89406.421
341  HIVb+G4       42575.144    112 85374.288    85384.594    86029.630
342  HIVb+I+G4     42575.147    113 85376.293    85386.788    86037.487
343  HIVb+R2       42979.988    113 86185.976    86196.470    86847.169
344  HIVb+R3       42671.230    115 85572.461    85583.337    86245.357
345  HIVb+R4       42597.724    117 85429.449    85440.715    86114.048
346  HIVb+R5       42571.534    119 85381.067    85392.729    86077.369
347  HIVb+R6       42554.045    121 85350.091    85362.156    86058.095
348  HIVb+R7       42530.622    123 85307.243    85319.719    86026.950
349  HIVb+R8       42517.692    125 85285.383    85298.277    86016.792
350  HIVb+R9       42502.375    127 85258.750    85272.070    86001.862
351  HIVb+R10      42492.612    129 85243.223    85256.975    85998.037
352  HIVb+F        44328.082    130 88916.163    88930.134    89676.828
353  HIVb+F+I      44271.250    131 88804.501    88818.692    89571.017
354  HIVb+F+G4     42463.177    131 85188.353    85202.544    85954.870
355  HIVb+F+I+G4   42463.144    132 85190.289    85204.703    85962.657
356  HIVb+F+R2     42881.302    132 86026.604    86041.017    86798.972
357  HIVb+F+R3     42570.238    134 85408.477    85423.341    86192.547
358  HIVb+F+R4     42488.954    136 85249.908    85265.231    86045.681
359  HIVb+F+R5     42460.766    138 85197.532    85213.319    86005.007
360  HIVb+F+R6     42443.227    140 85166.454    85182.715    85985.632
361  HIVb+F+R7     42417.515    142 85119.031    85135.771    85949.911
362  HIVb+F+R8     42403.034    144 85094.069    85111.296    85936.652
363  HIVb+F+R9     42385.961    146 85063.922    85081.644    85918.207
364  HIVb+F+R10    42375.833    148 85047.667    85065.892    85913.655
365  HIVw          45887.616    111 91997.232    92007.352    92646.723
366  HIVw+I        45802.288    112 91828.577    91838.883    92483.919
367  HIVw+G4       43948.312    112 88120.624    88130.930    88775.966
368  HIVw+I+G4     43948.351    113 88122.702    88133.196    88783.895
369  HIVw+R2       44401.480    113 89028.960    89039.455    89690.154
370  HIVw+R3       44056.645    115 88343.290    88354.167    89016.187
371  HIVw+R4       43976.070    117 88186.141    88197.406    88870.739
372  HIVw+R5       43945.885    119 88129.769    88141.431    88826.070
373  HIVw+R6       43928.001    121 88098.002    88110.068    88806.006
374  HIVw+R7       43900.635    123 88047.269    88059.745    88766.976
375  HIVw+R8       43884.722    125 88019.445    88032.339    88750.854
376  HIVw+R9       43864.363    127 87982.727    87996.046    88725.838
377  HIVw+R10      43853.269    129 87964.539    87978.290    88719.353
378  HIVw+F        45425.440    130 91110.879    91124.850    91871.545
379  HIVw+F+I      45344.302    131 90950.603    90964.794    91717.120
380  HIVw+F+G4     43439.812    131 87141.624    87155.815    87908.141
381  HIVw+F+I+G4   43439.810    132 87143.620    87158.034    87915.988
382  HIVw+F+R2     43896.244    132 88056.487    88070.901    88828.855
383  HIVw+F+R3     43554.551    134 87377.102    87391.966    88161.172
384  HIVw+F+R4     43473.175    136 87218.350    87233.672    88014.123
385  HIVw+F+R5     43442.856    138 87161.712    87177.500    87969.188
386  HIVw+F+R6     43422.882    140 87125.765    87142.025    87944.943
387  HIVw+F+R7     43394.666    142 87073.331    87090.072    87904.212
388  HIVw+F+R8     43379.059    144 87046.119    87063.347    87888.702
389  HIVw+F+R9     43358.143    146 87008.287    87026.010    87862.573
390  HIVw+F+R10    43346.018    148 86988.037    87006.262    87854.025
391  JTTDCMut      43141.943    111 86505.886    86516.006    87155.377
392  JTTDCMut+I    43093.228    112 86410.456    86420.762    87065.799
393  JTTDCMut+G4   41748.803    112 83721.606    83731.912    84376.948
394  JTTDCMut+I+G4 41748.810    113 83723.619    83734.114    84384.813
395  JTTDCMut+R2   42036.484    113 84298.969    84309.463    84960.162
396  JTTDCMut+R3   41790.296    115 83810.593    83821.469    84483.489
397  JTTDCMut+R4   41743.502    117 83721.005    83732.270    84405.603
398  JTTDCMut+R5   41724.051    119 83686.102    83697.764    84382.403
399  JTTDCMut+R6   41711.222    121 83664.443    83676.508    84372.447
400  JTTDCMut+R7   41693.937    123 83633.873    83646.349    84353.580
401  JTTDCMut+R8   41684.174    125 83618.348    83631.242    84349.757
402  JTTDCMut+R9   41669.927    127 83593.854    83607.173    84336.966
403  JTTDCMut+R10  41661.804    129 83581.609    83595.360    84336.423
404  JTTDCMut+F    43293.530    130 86847.059    86861.030    87607.725
405  JTTDCMut+F+I  43250.411    131 86762.822    86777.014    87529.339
406  JTTDCMut+F+G4 41834.397    131 83930.795    83944.986    84697.311
407  JTTDCMut+F+I+G4 41834.324    132 83932.648    83947.062    84705.016
408  JTTDCMut+F+R2 42119.876    132 84503.752    84518.165    85276.120
409  JTTDCMut+F+R3 41875.834    134 84019.667    84034.532    84803.738
410  JTTDCMut+F+R4 41828.857    136 83929.713    83945.036    84725.486
411  JTTDCMut+F+R5 41810.930    138 83897.859    83913.647    84705.335
412  JTTDCMut+F+R6 41797.128    140 83874.256    83890.516    84693.434
413  JTTDCMut+F+R7 41777.892    142 83839.784    83856.524    84670.665
414  JTTDCMut+F+R8 41766.923    144 83821.846    83839.074    84664.430
415  JTTDCMut+F+R9 41751.585    146 83795.170    83812.893    84649.456
416  JTTDCMut+F+R10 41743.310    148 83782.620    83800.845    84648.608
417  FLU           44160.091    111 88542.183    88552.302    89191.674
418  FLU+I         44113.238    112 88450.475    88460.782    89105.818
419  FLU+G4        42367.631    112 84959.262    84969.568    85614.604
420  FLU+I+G4      42367.647    113 84961.293    84971.788    85622.487
421  FLU+R2        42785.134    113 85796.268    85806.763    86457.462
422  FLU+R3        42474.173    115 85178.345    85189.222    85851.241
423  FLU+R4        42402.162    117 85038.324    85049.589    85722.923
424  FLU+R5        42372.385    119 84982.770    84994.432    85679.071
425  FLU+R6        42351.149    121 84944.297    84956.362    85652.301
426  FLU+R7        42322.058    123 84890.117    84902.593    85609.823
427  FLU+R8        42305.383    125 84860.766    84873.660    85592.175
428  FLU+R9        42282.959    127 84819.917    84833.236    85563.029
429  FLU+R10       42271.161    129 84800.321    84814.073    85555.136
430  FLU+F         44217.252    130 88694.504    88708.475    89455.170
431  FLU+F+I       44177.347    131 88616.694    88630.885    89383.211
432  FLU+F+G4      42348.447    131 84958.894    84973.085    85725.411
433  FLU+F+I+G4    42348.418    132 84960.835    84975.249    85733.203
434  FLU+F+R2      42758.001    132 85780.002    85794.416    86552.370
435  FLU+F+R3      42453.678    134 85175.355    85190.220    85959.426
436  FLU+F+R4      42380.961    136 85033.921    85049.243    85829.694
437  FLU+F+R5      42351.254    138 84978.508    84994.296    85785.984
438  FLU+F+R6      42330.851    140 84941.702    84957.962    85760.880
439  FLU+F+R7      42302.683    142 84889.366    84906.107    85720.247
440  FLU+F+R8      42286.178    144 84860.357    84877.584    85702.940
441  FLU+F+R9      42264.315    146 84820.630    84838.353    85674.916
442  FLU+F+R10     42252.224    148 84800.448    84818.673    85666.437
443  Blosum62      42869.702    111 85961.404    85971.524    86610.896
444  Blosum62+I    42840.652    112 85905.303    85915.610    86560.646
445  Blosum62+G4   41725.673    112 83675.347    83685.653    84330.689
446  Blosum62+I+G4 41725.669    113 83677.337    83687.832    84338.531
447  Blosum62+R2   41958.999    113 84143.999    84154.493    84805.193
448  Blosum62+R3   41738.882    115 83707.763    83718.640    84380.659
449  Blosum62+R4   41702.029    117 83638.059    83649.324    84322.657
450  Blosum62+R5   41688.151    119 83614.302    83625.964    84310.603
451  Blosum62+R6   41678.842    121 83599.685    83611.750    84307.689
452  Blosum62+R7   41667.619    123 83581.238    83593.714    84300.944
453  Blosum62+R8   41661.940    125 83573.880    83586.774    84305.289
456  Blosum62+F    42978.598    130 86217.196    86231.166    86977.861
457  Blosum62+F+I  42950.375    131 86162.750    86176.941    86929.266
458  Blosum62+F+G4 41789.503    131 83841.007    83855.198    84607.523
459  Blosum62+F+I+G4 41789.461    132 83842.923    83857.336    84615.291
460  Blosum62+F+R2 42024.738    132 84313.477    84327.891    85085.845
461  Blosum62+F+R3 41804.468    134 83876.936    83891.800    84661.006
462  Blosum62+F+R4 41766.447    136 83804.894    83820.216    84600.667
463  Blosum62+F+R5 41752.771    138 83781.541    83797.329    84589.017
464  Blosum62+F+R6 41743.326    140 83766.653    83782.913    84585.831
465  Blosum62+F+R7 41731.050    142 83746.101    83762.841    84576.981
466  Blosum62+F+R8 41724.186    144 83736.373    83753.601    84578.956
469  mtMet         45523.368    111 91268.736    91278.856    91918.228
470  mtMet+I       45501.992    112 91227.984    91238.290    91883.327
471  mtMet+G4      43304.252    112 86832.504    86842.811    87487.847
472  mtMet+I+G4    43304.258    113 86834.516    86845.011    87495.710
473  mtMet+R2      43765.707    113 87757.415    87767.909    88418.609
474  mtMet+R3      43423.508    115 87077.017    87087.893    87749.913
475  mtMet+R4      43337.225    117 86908.449    86919.715    87593.048
476  mtMet+R5      43306.660    119 86851.321    86862.983    87547.622
477  mtMet+R6      43287.113    121 86816.227    86828.292    87524.231
478  mtMet+R7      43263.412    123 86772.824    86785.301    87492.531
479  mtMet+R8      43250.595    125 86751.190    86764.084    87482.599
480  mtMet+R9      43224.492    127 86702.985    86716.304    87446.096
481  mtMet+R10     43209.093    129 86676.185    86689.937    87430.999
482  mtMet+F       44106.306    130 88472.611    88486.582    89233.276
483  mtMet+F+I     44072.539    131 88407.078    88421.269    89173.595
484  mtMet+F+G4    42068.166    131 84398.332    84412.523    85164.848
485  mtMet+F+I+G4  42068.160    132 84400.321    84414.734    85172.689
486  mtMet+F+R2    42539.148    132 85342.296    85356.710    86114.664
487  mtMet+F+R3    42209.025    134 84686.050    84700.915    85470.121
488  mtMet+F+R4    42117.899    136 84507.798    84523.121    85303.571
489  mtMet+F+R5    42085.430    138 84446.859    84462.647    85254.335
490  mtMet+F+R6    42064.891    140 84409.782    84426.042    85228.960
491  mtMet+F+R7    42041.073    142 84366.147    84382.887    85197.027
492  mtMet+F+R8    42025.539    144 84339.077    84356.305    85181.661
493  mtMet+F+R9    42000.152    146 84292.303    84310.026    85146.589
494  mtMet+F+R10   41986.913    148 84269.826    84288.051    85135.814
495  mtVer         46279.673    111 92781.345    92791.465    93430.837
496  mtVer+I       46261.721    112 92747.441    92757.747    93402.783
497  mtVer+G4      43772.718    112 87769.436    87779.742    88424.778
498  mtVer+I+G4    43772.752    113 87771.504    87781.998    88432.698
499  mtVer+R2      44314.250    113 88854.500    88864.995    89515.694
500  mtVer+R3      43921.304    115 88072.609    88083.485    88745.505
501  mtVer+R4      43819.686    117 87873.373    87884.639    88557.972
502  mtVer+R5      43786.621    119 87811.241    87822.903    88507.543
503  mtVer+R6      43766.836    121 87775.673    87787.738    88483.677
504  mtVer+R7      43743.732    123 87733.464    87745.940    88453.171
505  mtVer+R8      43728.735    125 87707.470    87720.364    88438.879
506  mtVer+R9      43698.620    127 87651.240    87664.559    88394.351
507  mtVer+R10     43681.374    129 87620.748    87634.499    88375.562
508  mtVer+F       44652.482    130 89564.965    89578.935    90325.630
509  mtVer+F+I     44617.017    131 89496.035    89510.226    90262.552
510  mtVer+F+G4    42514.638    131 85291.276    85305.467    86057.792
511  mtVer+F+I+G4  42514.612    132 85293.225    85307.638    86065.592
512  mtVer+F+R2    43034.491    132 86332.982    86347.396    87105.350
513  mtVer+F+R3    42669.564    134 85607.128    85621.993    86391.199
514  mtVer+F+R4    42572.869    136 85417.738    85433.060    86213.511
515  mtVer+F+R5    42540.648    138 85357.295    85373.083    86164.771
516  mtVer+F+R6    42522.335    140 85324.670    85340.930    86143.848
517  mtVer+F+R7    42500.088    142 85284.175    85300.916    86115.056
518  mtVer+F+R8    42484.487    144 85256.975    85274.202    86099.558
519  mtVer+F+R9    42454.046    146 85200.092    85217.814    86054.377
520  mtVer+F+R10   42437.638    148 85171.275    85189.500    86037.263
521  mtInv         45486.706    111 91195.411    91205.531    91844.902
522  mtInv+I       45459.152    112 91142.304    91152.610    91797.646
523  mtInv+G4      43535.425    112 87294.850    87305.156    87950.193
524  mtInv+I+G4    43535.413    113 87296.825    87307.320    87958.019
525  mtInv+R2      43920.766    113 88067.532    88078.027    88728.726
526  mtInv+R3      43625.415    115 87480.829    87491.706    88153.725
527  mtInv+R4      43553.017    117 87340.035    87351.300    88024.633
528  mtInv+R5      43525.773    119 87289.546    87301.208    87985.847
529  mtInv+R6      43508.600    121 87259.199    87271.265    87967.203
530  mtInv+R7      43486.707    123 87219.415    87231.891    87939.121
531  mtInv+R8      43475.115    125 87200.230    87213.124    87931.639
532  mtInv+R9      43454.896    127 87163.793    87177.112    87906.904
533  mtInv+R10     43444.246    129 87146.492    87160.244    87901.306
534  mtInv+F       43657.696    130 87575.392    87589.363    88336.058
535  mtInv+F+I     43619.114    131 87500.227    87514.418    88266.744
536  mtInv+F+G4    41835.100    131 83932.201    83946.392    84698.718
537  mtInv+F+I+G4  41835.098    132 83934.196    83948.610    84706.564
538  mtInv+F+R2    42243.886    132 84751.771    84766.185    85524.139
539  mtInv+F+R3    41948.557    134 84165.113    84179.977    84949.183
540  mtInv+F+R4    41870.141    136 84012.281    84027.603    84808.054
541  mtInv+F+R5    41841.003    138 83958.005    83973.793    84765.481
542  mtInv+F+R6    41823.041    140 83926.082    83942.342    84745.260
543  mtInv+F+R7    41801.430    142 83886.860    83903.600    84717.741
544  mtInv+F+R8    41789.301    144 83866.601    83883.829    84709.184
545  mtInv+F+R9    41767.488    146 83826.977    83844.699    84681.262
546  mtInv+F+R10   41756.189    148 83808.378    83826.603    84674.367
Akaike Information Criterion:           LG+R10
Corrected Akaike Information Criterion: LG+R10
Bayesian Information Criterion:         LG+R10
Best-fit model: LG+R10 chosen according to BIC

All model information printed to ../../Desktop/botany563-final/data/2023-03-23-protein-NHA-orthologs.aln.model.gz
CPU time for ModelFinder: 849.979 seconds (0h:14m:9s)
Wall-clock time for ModelFinder: 1236.380 seconds (0h:20m:36s)

NOTE: 149 MB RAM (0 GB) is required!
Estimate model parameters (epsilon = 0.100)
1. Initial log-likelihood: -41455.578
2. Current log-likelihood: -41439.428
3. Current log-likelihood: -41437.456
4. Current log-likelihood: -41436.719
5. Current log-likelihood: -41436.363
6. Current log-likelihood: -41436.226
7. Current log-likelihood: -41436.120
Optimal log-likelihood: -41435.994
Site proportion and rates:  (0.089,0.054) (0.109,0.178) (0.125,0.363) (0.129,0.452) (0.111,0.633) (0.087,0.834) (0.075,1.041) (0.073,1.235) (0.064,1.369) (0.138,3.440)
Parameters optimization took 7 rounds (127.990 sec)
Computing ML distances based on estimated model parameters... 3.600 sec
WARNING: Some pairwise ML distances are too long (saturated)
Computing BIONJ tree...
0.005 seconds
Log-likelihood of BIONJ tree: -41465.044
--------------------------------------------------------------------
|             INITIALIZING CANDIDATE TREE SET                      |
--------------------------------------------------------------------
Generating 98 parsimony trees... 5.437 second
Computing log-likelihood of 98 initial trees ... 177.862 seconds
Current best score: -41435.994

Do NNI search on 20 best initial trees
Estimate model parameters (epsilon = 0.100)
BETTER TREE FOUND at iteration 1: -41400.225
Estimate model parameters (epsilon = 0.100)
BETTER TREE FOUND at iteration 2: -41398.692
Estimate model parameters (epsilon = 0.100)
BETTER TREE FOUND at iteration 3: -41396.772
Estimate model parameters (epsilon = 0.100)
UPDATE BEST LOG-LIKELIHOOD: -41396.703
Estimate model parameters (epsilon = 0.100)
UPDATE BEST LOG-LIKELIHOOD: -41396.648
Estimate model parameters (epsilon = 0.100)
BETTER TREE FOUND at iteration 6: -41395.419
Estimate model parameters (epsilon = 0.100)
BETTER TREE FOUND at iteration 7: -41395.375
Iteration 10 / LogL: -41396.553 / Time: 0h:11m:33s
Estimate model parameters (epsilon = 0.100)
UPDATE BEST LOG-LIKELIHOOD: -41395.339
UPDATE BEST LOG-LIKELIHOOD: -41395.332
Iteration 20 / LogL: -41395.342 / Time: 0h:15m:53s
Finish initializing candidate tree set (5)
Current best tree score: -41395.332 / CPU time: 811.633
Number of iterations: 20
--------------------------------------------------------------------
|               OPTIMIZING CANDIDATE TREE SET                      |
--------------------------------------------------------------------
UPDATE BEST LOG-LIKELIHOOD: -41395.329
Iteration 30 / LogL: -41395.329 / Time: 0h:20m:50s (0h:55m:20s left)
Iteration 40 / LogL: -41395.618 / Time: 0h:26m:3s (0h:44m:45s left)
Iteration 50 / LogL: -41396.509 / Time: 0h:30m:23s (0h:35m:20s left)
Iteration 60 / LogL: -41397.962 / Time: 0h:34m:19s (0h:27m:20s left)
Iteration 70 / LogL: -41398.355 / Time: 0h:38m:27s (0h:20m:37s left)
Iteration 80 / LogL: -41395.426 / Time: 0h:43m:6s (0h:14m:43s left)
UPDATE BEST LOG-LIKELIHOOD: -41395.329
Iteration 90 / LogL: -41395.455 / Time: 0h:48m:25s (0h:9m:14s left)
Iteration 100 / LogL: -41438.437 / Time: 0h:53m:30s (0h:3m:47s left)
TREE SEARCH COMPLETED AFTER 108 ITERATIONS / Time: 0h:57m:37s

--------------------------------------------------------------------
|                    FINALIZING TREE SEARCH                        |
--------------------------------------------------------------------
Performs final model parameters optimization
Estimate model parameters (epsilon = 0.010)
1. Initial log-likelihood: -41395.329
2. Current log-likelihood: -41395.308
3. Current log-likelihood: -41395.293
4. Current log-likelihood: -41395.280
5. Current log-likelihood: -41395.269
Optimal log-likelihood: -41395.259
Site proportion and rates:  (0.097,0.056) (0.111,0.188) (0.151,0.380) (0.116,0.473) (0.104,0.702) (0.078,0.764) (0.071,1.091) (0.076,1.294) (0.068,1.368) (0.127,3.604)
Parameters optimization took 5 rounds (113.136 sec)
BEST SCORE FOUND : -41395.259
Total tree length: 51.852

Total number of iterations: 108
CPU time used for tree search: 2626.958 sec (0h:43m:46s)
Wall-clock time used for tree search: 3315.913 sec (0h:55m:15s)
Total CPU time used: 2837.939 sec (0h:47m:17s)
Total wall-clock time used: 3570.636 sec (0h:59m:30s)

Analysis results written to: 
  IQ-TREE report:                ../../Desktop/botany563-final/data/2023-03-23-protein-NHA-orthologs.aln.iqtree
  Maximum-likelihood tree:       ../../Desktop/botany563-final/data/2023-03-23-protein-NHA-orthologs.aln.treefile
  Likelihood distances:          ../../Desktop/botany563-final/data/2023-03-23-protein-NHA-orthologs.aln.mldist
  Screen log file:               ../../Desktop/botany563-final/data/2023-03-23-protein-NHA-orthologs.aln.log

Date and Time: Thu Mar 23 21:32:28 2023
